0 verbose cli /Users/juanrivillas/.asdf/installs/nodejs/22.14.0/bin/node /Users/juanrivillas/.asdf/installs/nodejs/22.14.0/bin/npm
0 verbose cli /Users/juanrivillas/.asdf/installs/nodejs/22.14.0/bin/node /Users/juanrivillas/.asdf/installs/nodejs/22.14.0/bin/npm
1 info using npm@10.9.2
1 info using npm@10.9.2
2 info using node@v22.14.0
3 silly config load:file:/Users/juanrivillas/.asdf/installs/nodejs/22.14.0/lib/node_modules/npm/npmrc
2 info using node@v22.14.0
4 silly config load:file:/Users/juanrivillas/workspace/personal/juanrivillas/.npmrc
3 silly config load:file:/Users/juanrivillas/.asdf/installs/nodejs/22.14.0/lib/node_modules/npm/npmrc
5 silly config load:file:/Users/juanrivillas/.npmrc
4 silly config load:file:/Users/juanrivillas/workspace/personal/juanrivillas/.npmrc
6 silly config load:file:/Users/juanrivillas/.asdf/installs/nodejs/22.14.0/etc/npmrc
5 silly config load:file:/Users/juanrivillas/.npmrc
6 silly config load:file:/Users/juanrivillas/.asdf/installs/nodejs/22.14.0/etc/npmrc
7 verbose title npm view next-contentlayer version
7 verbose title npm view contentlayer version
8 verbose argv "view" "next-contentlayer" "version"
8 verbose argv "view" "contentlayer" "version"
9 verbose logfile logs-max:10 dir:/Users/juanrivillas/workspace/personal/juanrivillas/.npm-cache/_logs/2026-02-01T13_44_20_236Z-
9 verbose logfile logs-max:10 dir:/Users/juanrivillas/workspace/personal/juanrivillas/.npm-cache/_logs/2026-02-01T13_44_20_236Z-
10 verbose logfile /Users/juanrivillas/workspace/personal/juanrivillas/.npm-cache/_logs/2026-02-01T13_44_20_236Z-debug-0.log
10 verbose logfile /Users/juanrivillas/workspace/personal/juanrivillas/.npm-cache/_logs/2026-02-01T13_44_20_236Z-debug-0.log
11 silly logfile done cleaning log files
11 silly logfile done cleaning log files
12 http fetch GET 200 https://registry.npmjs.org/contentlayer 1098ms (cache miss)
13 verbose cwd /Users/juanrivillas/workspace/personal/juanrivillas
14 verbose os Darwin 25.2.0
15 verbose node v22.14.0
16 verbose npm  v10.9.2
17 verbose exit 0
18 info ok
12 http fetch GET 200 https://registry.npmjs.org/next-contentlayer 2594ms (cache miss)
13 verbose cwd /Users/juanrivillas/workspace/personal/juanrivillas
14 verbose os Darwin 25.2.0
15 verbose node v22.14.0
16 verbose npm  v10.9.2
17 verbose exit 0
18 info ok
